 [AssetsList - API]  21-12-06 22:12:50  info : 🚀 Server ready at http://localhost:5005
 [AssetsList - API]  21-12-06 22:12:50  info : Server Successfully Started
 [AssetsList - API]  21-12-06 22:12:59  info : 🚀 Server ready at http://localhost:5005
 [AssetsList - API]  21-12-06 22:12:59  info : Server Successfully Started
 [AssetsList - API]  21-12-06 22:12:36  info : 🚀 Server ready at http://localhost:5005
 [AssetsList - API]  21-12-06 22:12:36  info : Server Successfully Started
 [AssetsList - API]  21-12-06 22:12:13  info : 🚀 Server ready at http://localhost:5005
 [AssetsList - API]  21-12-06 22:12:13  info : Server Successfully Started
 [AssetsList - API]  21-12-06 22:12:14  error : unhandledRejection localStorage is not defined
 [AssetsList - API]  21-12-06 22:12:46  info : 🚀 Server ready at http://localhost:5005
 [AssetsList - API]  21-12-06 22:12:46  info : Server Successfully Started
 [AssetsList - API]  21-12-06 22:12:56  info : 🚀 Server ready at http://localhost:5005
 [AssetsList - API]  21-12-06 22:12:56  info : Server Successfully Started
 [AssetsList - API]  21-12-06 22:12:86  error : unhandledRejection Could not fetch keys with moralisSecret
 [AssetsList - API]  21-12-06 22:12:64  info : 🚀 Server ready at http://localhost:5005
 [AssetsList - API]  21-12-06 22:12:64  info : Server Successfully Started
 [AssetsList - API]  21-12-06 22:12:55  error : unhandledRejection Could not fetch keys with moralisSecret
 [AssetsList - API]  21-12-06 22:12:10  info : [object Object]
 [AssetsList - API]  21-12-06 22:12:15  info : 🚀 Server ready at http://localhost:5005
 [AssetsList - API]  21-12-06 22:12:15  info : Server Successfully Started
 [AssetsList - API]  21-12-06 22:12:03  error : unhandledRejection Could not fetch keys with moralisSecret
 [AssetsList - API]  21-12-06 22:12:95  info : [object Object]
 [AssetsList - API]  21-12-06 22:12:99  info : 🚀 Server ready at http://localhost:5005
 [AssetsList - API]  21-12-06 22:12:99  info : Server Successfully Started
 [AssetsList - API]  21-12-06 22:12:04  error : unhandledRejection Could not fetch keys with moralisSecret
 [AssetsList - API]  21-12-06 22:12:85  info : [object Object]
 [AssetsList - API]  21-12-06 22:12:86  info : 🚀 Server ready at http://localhost:5005
 [AssetsList - API]  21-12-06 22:12:86  info : Server Successfully Started
 [AssetsList - API]  21-12-06 22:12:62  info : [object Object]
 [AssetsList - API]  21-12-06 22:12:63  info : 🚀 Server ready at http://localhost:5005
 [AssetsList - API]  21-12-06 22:12:63  info : Server Successfully Started
 [AssetsList - API]  21-12-06 22:12:59  info : [object Object]
 [AssetsList - API]  21-12-06 22:12:60  info : 🚀 Server ready at http://localhost:5005
 [AssetsList - API]  21-12-06 22:12:60  info : Server Successfully Started
 [AssetsList - API]  21-12-07 18:12:73  info : [object Object]
 [AssetsList - API]  21-12-07 18:12:79  info : 🚀 Server ready at http://localhost:5005
 [AssetsList - API]  21-12-07 18:12:80  info : Server Successfully Started
 [AssetsList - API]  21-12-07 18:12:64  error : unhandledRejection Could not fetch keys with moralisSecret
 [AssetsList - API]  21-12-07 18:12:66  info : [object Object]
 [AssetsList - API]  21-12-07 18:12:70  info : 🚀 Server ready at http://localhost:5005
 [AssetsList - API]  21-12-07 18:12:71  info : Server Successfully Started
 [AssetsList - API]  21-12-07 18:12:41  error : unhandledRejection Could not fetch keys with moralisSecret
 [AssetsList - API]  21-12-07 18:12:97  info : [object Object]
 [AssetsList - API]  21-12-07 18:12:02  info : 🚀 Server ready at http://localhost:5005
 [AssetsList - API]  21-12-07 18:12:02  info : Server Successfully Started
 [AssetsList - API]  21-12-07 18:12:48  error : unhandledRejection Could not fetch keys with moralisSecret
 [AssetsList - API]  21-12-07 18:12:91  info : [object Object]
 [AssetsList - API]  21-12-07 18:12:95  info : 🚀 Server ready at http://localhost:5005
 [AssetsList - API]  21-12-07 18:12:95  info : Server Successfully Started
 [AssetsList - API]  21-12-07 18:12:81  error : unhandledRejection Could not fetch keys with moralisSecret
 [AssetsList - API]  21-12-07 18:12:69  info : [object Object]
 [AssetsList - API]  21-12-07 18:12:73  info : 🚀 Server ready at http://localhost:5005
 [AssetsList - API]  21-12-07 18:12:73  info : Server Successfully Started
 [AssetsList - API]  21-12-07 18:12:47  error : unhandledRejection Could not fetch keys with moralisSecret
