Arguments: 
  C:\Program Files\nodejs\node.exe C:\Program Files\nodejs\node_modules\yarn\bin\yarn.js

PATH: 
  C:\Python27\;C:\Python27\Scripts;C:\Program Files\Common Files\Oracle\Java\javapath;C:\Windows\system32;C:\Windows;C:\Windows\System32\Wbem;C:\Windows\System32\WindowsPowerShell\v1.0\;C:\Windows\System32\OpenSSH\;C:\Program Files (x86)\NVIDIA Corporation\PhysX\Common;C:\ProgramData\chocolatey\bin;C:\Program Files\PuTTY\;C:\Users\Ahmad2\AppData\Roaming\nvm;C:\Program Files\nodejs;C:\Program Files\Git\cmd;C:\Program Files (x86)\Bitvise SSH Client;D:\flutter\bin;C:\Users\Ahmad2\AppData\Local\Microsoft\WindowsApps;C:\Users\Ahmad2\AppData\Local\Programs\Microsoft VS Code\bin;C:\Users\Ahmad2\AppData\Roaming\nvm;C:\Program Files\nodejs;C:\Program Files\JetBrains\WebStorm 2021.2.2\bin;;

Yarn version: 
  1.22.10

Node version: 
  14.0.0

Platform: 
  win32 x64

Trace: 
  Error: connect ETIMEDOUT 104.16.19.35:443
      at TCPConnectWrap.afterConnect [as oncomplete] (net.js:1142:16)

npm manifest: 
  {
    "name": "assetslist",
    "version": "1.0.0",
    "description": "",
    "main": "index.js",
    "scripts": {
      "test": "echo \"Error: no test specified\" && exit 1",
      "dev": "nodemon  src/index.ts",
      "start": "tsc --project --watch nodemon dist/index.js",
      "build": "tsc --project"
    },
    "keywords": [
      "AssetsList"
    ],
    "author": "Ahmad Heidari",
    "license": "ISC",
    "devDependencies": {
      "@types/body-parser": "^1.19.0",
      "@types/compression": "^1.0.1",
      "@types/cors": "^2.8.6",
      "@types/dotenv": "^6.1.1",
      "@types/express": "^4.17.1",
      "@types/ioredis": "^4.28.2",
      "@types/jest": "^24.0.18",
      "@types/node": "^14.14.16",
      "@types/winston": "^2.4.4",
      "@typescript-eslint/scope-manager": "^5.5.0",
      "typescript": "^4.5.2"
    },
    "dependencies": {
      "body-parser": "^1.19.0",
      "compression": "^1.7.4",
      "cors": "^2.8.5",
      "cryptoapis": "^1.3.0",
      "dotenv": "^10.0.0",
      "express": "^4.17.1",
      "helmet": "^4.6.0",
      "http": "^0.0.1-security",
      "ioredis": "^4.28.2",
      "moralis": "^0.0.147",
      "nodemon": "^2.0.15",
      "ts-node": "^10.4.0",
      "winston": "^3.3.3"
    }
  }

yarn manifest: 
  No manifest

Lockfile: 
  No lockfile
